<?xml version="1.0" encoding="UTF-8"?>
<!-- Generated by org.testng.reporters.JUnitXMLReporter -->
<testsuite ignored="0" hostname="MaheshBoard" failures="0" tests="1" name="check user role" time="0.049" errors="0" timestamp="2023-09-24T14:22:34 IST">
  <testcase classname="CommonPackage.CommonFunctions" name="@BeforeSuite launchBrowser" time="0.01">
    <failure type="java.lang.NullPointerException" message="Cannot invoke &amp;quot;java.util.Properties.getProperty(String)&amp;quot; because &amp;quot;CommonPackage.CommonFunctions.properties&amp;quot; is null">
      <![CDATA[java.lang.NullPointerException: Cannot invoke "java.util.Properties.getProperty(String)" because "CommonPackage.CommonFunctions.properties" is null
at CommonPackage.CommonFunctions.launchBrowser(CommonFunctions.java:32)
... Removed 19 stack frames]]>
    </failure>
  </testcase> <!-- @BeforeSuite launchBrowser -->
  <testcase classname="TestCase.pendingleaverequest" name="verifyPendingLeaverequest" time="0.0">
    <skipped/>
  </testcase> <!-- verifyPendingLeaverequest -->
</testsuite> <!-- check user role -->
